<?xml version="1.0" encoding="UTF-8"?>
<!-- Generated by org.testng.reporters.JUnitXMLReporter -->
<testsuite hostname="DESKTOP-1V8408B" ignored="3" name="My Store" tests="1" failures="0" timestamp="15 Aug 2020 10:16:54 GMT" time="107.536" errors="0">
  <testcase name="Login" time="107.511" classname="Pages.My_Store_Login"/>
  <testcase name="@AfterSuite tearDown" time="0.0" classname="Base.My_Store_Base">
    <ignored/>
  </testcase> <!-- @AfterSuite tearDown -->
  <testcase name="@BeforeSuite initialize" time="0.0" classname="Base.My_Store_Base">
    <ignored/>
  </testcase> <!-- @BeforeSuite initialize -->
  <testcase name="@BeforeSuite setup" time="0.0" classname="Base.My_Store_Base">
    <ignored/>
  </testcase> <!-- @BeforeSuite setup -->
</testsuite> <!-- My Store -->
